<?xml version="1.0" encoding="UTF-8"?>
<!-- Generated by org.testng.reporters.JUnitReportReporter -->
<testsuite hostname="Akshay" failures="0" tests="1" name="DemoShoppingApp.Tests.Test2" time="2.587" errors="0" timestamp="2024-01-08T19:41:44 IST" skipped="0">
  <testcase classname="DemoShoppingApp.Tests.Test2" name="endToEndTesting" time="2.587"/>
</testsuite> <!-- DemoShoppingApp.Tests.Test2 -->
