<?xml version="1.0" encoding="UTF-8"?>
<!-- Generated by org.testng.reporters.JUnitReportReporter -->
<testsuite hostname="Akshay" failures="0" tests="3" name="DemoShoppingApp.Tests.LoginTests" time="6.582" errors="0" timestamp="2024-01-08T19:41:44 IST" skipped="0">
  <testcase classname="DemoShoppingApp.Tests.LoginTests" name="loginTest_locked_user" time="1.936"/>
  <testcase classname="DemoShoppingApp.Tests.LoginTests" name="loginTestPositive" time="2.211"/>
  <testcase classname="DemoShoppingApp.Tests.LoginTests" name="loginTest_wrongCredentials" time="2.435"/>
</testsuite> <!-- DemoShoppingApp.Tests.LoginTests -->
