<?xml version="1.0" encoding="UTF-8"?>
<!-- Generated by org.testng.reporters.JUnitReportReporter -->
<testsuite hostname="Akshay" failures="0" tests="3" name="DemoShoppingApp.Tests.LoginTests" time="5.662" errors="0" timestamp="2024-01-05T17:14:40 IST" skipped="0">
  <testcase classname="DemoShoppingApp.Tests.LoginTests" name="loginTest_wrongCredentials" time="1.722"/>
  <testcase classname="DemoShoppingApp.Tests.LoginTests" name="loginTest_locked_user" time="2.250"/>
  <testcase classname="DemoShoppingApp.Tests.LoginTests" name="loginTestPositive" time="1.690"/>
</testsuite> <!-- DemoShoppingApp.Tests.LoginTests -->
