<?xml version="1.0" encoding="UTF-8"?>
<!-- Generated by org.testng.reporters.JUnitReportReporter -->
<testsuite hostname="Akshay" failures="0" tests="3" name="DemoShoppingApp.Tests.LoginTests" time="8.838" errors="0" timestamp="2024-05-03T19:29:44 IST" skipped="0">
  <testcase classname="DemoShoppingApp.Tests.LoginTests" name="loginTest_locked_user" time="1.565"/>
  <testcase classname="DemoShoppingApp.Tests.LoginTests" name="loginTestPositive" time="1.556"/>
  <testcase classname="DemoShoppingApp.Tests.LoginTests" name="loginTest_wrongCredentials" time="5.717"/>
</testsuite> <!-- DemoShoppingApp.Tests.LoginTests -->
