<?xml version="1.0" encoding="UTF-8"?>
<!-- Generated by org.testng.reporters.JUnitReportReporter -->
<testsuite hostname="Akshay" failures="0" tests="3" name="DemoShoppingApp.Tests.LoginTests" time="8.821" errors="0" timestamp="2024-01-08T11:22:38 IST" skipped="0">
  <testcase classname="DemoShoppingApp.Tests.LoginTests" name="loginTestPositive" time="1.936"/>
  <testcase classname="DemoShoppingApp.Tests.LoginTests" name="loginTest_locked_user" time="4.908"/>
  <testcase classname="DemoShoppingApp.Tests.LoginTests" name="loginTest_wrongCredentials" time="1.977"/>
</testsuite> <!-- DemoShoppingApp.Tests.LoginTests -->
